<?xml version="1.0" encoding="UTF-8"?>
<!-- Generated by org.testng.reporters.JUnitReportReporter -->
<testsuite hostname="LAPTOP-CHHHUB55" failures="0" tests="1" name="com.juaracoding.pageobject.TestLoginSiloam" time="0.248" errors="0" timestamp="2022-08-15T20:52:26 WIB" skipped="0">
  <testcase classname="com.juaracoding.pageobject.TestLoginSiloam" name="testInvalidLogin" time="0.248"/>
  <system-out/>
</testsuite> <!-- com.juaracoding.pageobject.TestLoginSiloam -->
