<?xml version="1.0" encoding="UTF-8"?>
<!-- Generated by org.testng.reporters.JUnitReportReporter -->
<testsuite hostname="KSTQATester" failures="0" tests="1" name="com.juaracoding.pageobject.TestForm" time="0.801" errors="0" timestamp="2022-08-19T22:41:57 WIB" skipped="0">
  <testcase classname="com.juaracoding.pageobject.TestForm" name="testForm" time="0.801"/>
  <system-out/>
</testsuite> <!-- com.juaracoding.pageobject.TestForm -->
