<?xml version="1.0" encoding="UTF-8"?>
<!-- Generated by org.testng.reporters.JUnitReportReporter -->
<testsuite hostname="KSTQATester" failures="0" tests="2" name="com.juaracoding.pageobject.TestRunner" time="20.702" errors="0" timestamp="2022-08-26T22:19:05 WIB" skipped="0">
  <testcase classname="com.juaracoding.pageobject.TestRunner" name="runScenario" time="8.029"/>
  <system-out/>
  <testcase classname="com.juaracoding.pageobject.TestRunner" name="runScenario" time="12.673"/>
  <system-out/>
</testsuite> <!-- com.juaracoding.pageobject.TestRunner -->
