<?xml version="1.0" encoding="UTF-8"?>
<!-- Generated by org.testng.reporters.JUnitReportReporter -->
<testsuite hostname="KSTQATester" failures="0" tests="4" name="com.juaracoding.pageobject.step_definitions.TestRunner" time="13.960" errors="0" timestamp="2022-08-29T23:08:33 WIB" skipped="0">
  <testcase classname="com.juaracoding.pageobject.step_definitions.TestRunner" name="runScenario" time="0.649"/>
  <system-out/>
  <testcase classname="com.juaracoding.pageobject.step_definitions.TestRunner" name="runScenario" time="2.916"/>
  <system-out/>
  <testcase classname="com.juaracoding.pageobject.step_definitions.TestRunner" name="runScenario" time="10.146"/>
  <system-out/>
  <testcase classname="com.juaracoding.pageobject.step_definitions.TestRunner" name="runScenario" time="0.249"/>
  <system-out/>
</testsuite> <!-- com.juaracoding.pageobject.step_definitions.TestRunner -->
